{"name":"1671497801","hostname":"192.168.1.2","pid":86454,"level":20,"msg":"Sync server version: 1.3.8 2022-02-25 10:58:11 -0600 50659ecda06a8b79a41f24c1fdff05187324402b","time":"2022-12-20T00:56:41.335Z","v":0}
{"name":"1671497801","hostname":"192.168.1.2","pid":86454,"level":30,"msg":"Acquiring actors for session 1671497801: ACTOR1","time":"2022-12-20T00:56:41.342Z","v":0}
{"name":"1671497801","hostname":"192.168.1.2","pid":86454,"level":30,"msg":"Session 1671497801 with label \"Coba\" started at 2022-12-20 00:56:41 UTC","time":"2022-12-20T00:56:41.348Z","v":0}
{"name":"1671497801","hostname":"192.168.1.2","pid":86454,"level":30,"actorType":"ACTOR1","actorId":"33364","time":"2022-12-20T00:56:46.79363Z","msg":"Actor 33364 of type ACTOR1 was acquired by test session 1671497801","v":0}
{"name":"1671497801","hostname":"192.168.1.2","pid":86454,"level":20,"actorType":"ACTOR1","actorId":"33364","time":"2022-12-20T00:56:46.800804Z","msg":"DEBUG: Test actor JAR versions:","v":0}
{"name":"1671497801","hostname":"192.168.1.2","pid":86454,"level":20,"actorType":"ACTOR1","actorId":"33364","time":"2022-12-20T00:56:46.80286Z","msg":"DEBUG:   opentest-appium-0.0.1.jar: 2022-02-25 10:58 -0600 0.0.1-50659ecda06a8b79a41f24c1fdff05187324402b-dirty","v":0}
{"name":"1671497801","hostname":"192.168.1.2","pid":86454,"level":20,"actorType":"ACTOR1","actorId":"33364","time":"2022-12-20T00:56:46.803933Z","msg":"DEBUG:   opentest-base-0.0.1.jar: 2022-02-25 10:58 -0600 0.0.1-50659ecda06a8b79a41f24c1fdff05187324402b-dirty","v":0}
{"name":"1671497801","hostname":"192.168.1.2","pid":86454,"level":20,"actorType":"ACTOR1","actorId":"33364","time":"2022-12-20T00:56:46.80516Z","msg":"DEBUG:   opentest-selenium-0.0.1.jar: 2022-02-25 10:58 -0600 0.0.1-50659ecda06a8b79a41f24c1fdff05187324402b-dirty","v":0}
{"name":"1671497801","hostname":"192.168.1.2","pid":86454,"level":40,"actorType":"ACTOR1","actorId":"33364","time":"2022-12-20T00:56:46.805718Z","msg":"WARN: Failed to log extension JARs","v":0}
{"name":"1671497801","hostname":"192.168.1.2","pid":86454,"level":10,"actorType":"ACTOR1","actorId":"33364","time":"2022-12-20T00:56:46.805966Z","msg":"TRACE: Firing SESSION_STARTED event...","v":0}
{"name":"1671497801","hostname":"192.168.1.2","pid":86454,"level":30,"actorType":"ACTOR1","actorId":"33364","time":"2022-12-20T00:56:46.850972Z","msg":"==================== ACTOR1: web/Verify GitHub repos have non-empty wiki [1] ====================","v":0}
{"name":"1671497801","hostname":"192.168.1.2","pid":86454,"level":30,"actorType":"ACTOR1","actorId":"33364","time":"2022-12-20T00:56:46.851122Z","msg":"Actor ACTOR1 started executing test web/Verify GitHub repos have non-empty wiki [1]...","v":0}
{"name":"1671497801","hostname":"192.168.1.2","pid":86454,"level":30,"actorType":"ACTOR1","actorId":"33364","time":"2022-12-20T00:56:46.851498Z","msg":"Using data record 1 of 2: \"facebook/react\"","v":0}
{"name":"1671497801","hostname":"192.168.1.2","pid":86454,"level":10,"actorType":"ACTOR1","actorId":"33364","time":"2022-12-20T00:56:46.851571Z","msg":"TRACE: Firing TEST_STARTED event...","v":0}
{"name":"1671497801","hostname":"192.168.1.2","pid":86454,"level":30,"actorType":"ACTOR1","actorId":"33364","time":"2022-12-20T00:56:46.870873Z","msg":"Executing segment 1 of test web/Verify GitHub repos have non-empty wiki...","v":0}
{"name":"1671497801","hostname":"192.168.1.2","pid":86454,"level":30,"actorType":"ACTOR1","actorId":"33364","time":"2022-12-20T00:56:46.871128Z","msg":"Evaluating action 1/1 (github.AssertRepoHasNonEmptyWiki) in segment 1...","v":0}
{"name":"1671497801","hostname":"192.168.1.2","pid":86454,"level":30,"actorType":"ACTOR1","actorId":"33364","time":"2022-12-20T00:56:46.882899Z","msg":"Executing macro github/AssertRepoHasNonEmptyWiki with arguments {\"repo\":\"facebook/react\"}...","v":0}
{"name":"1671497801","hostname":"192.168.1.2","pid":86454,"level":30,"actorType":"ACTOR1","actorId":"33364","time":"2022-12-20T00:56:46.883078Z","msg":"Evaluating action 1/5 in macro github/AssertRepoHasNonEmptyWiki (Navigate to the wiki page)...","v":0}
{"name":"1671497801","hostname":"192.168.1.2","pid":86454,"level":10,"actorType":"ACTOR1","actorId":"33364","time":"2022-12-20T00:56:46.898699Z","msg":"TRACE: Initializing action org.getopentest.selenium.NavigateTo...","v":0}
{"name":"1671497801","hostname":"192.168.1.2","pid":86454,"level":30,"actorType":"ACTOR1","actorId":"33364","time":"2022-12-20T00:56:46.89888Z","msg":"Using local Selenium server","v":0}
{"name":"1671497801","hostname":"192.168.1.2","pid":86454,"level":10,"actorType":"ACTOR1","actorId":"33364","time":"2022-12-20T00:56:46.899051Z","msg":"TRACE: Setting system property \"webdriver.chrome.driver\" to \"/usr/local/bin/chromedriver\"","v":0}
{"name":"1671497801","hostname":"192.168.1.2","pid":86454,"level":50,"actorType":"ACTOR1","actorId":"33364","time":"2022-12-20T00:56:49.170546Z","msg":"ERROR: java.lang.Exception: Failed executing test web/Verify GitHub repos have non-empty wiki, segment 1\n\tat org.getopentest.base.TestActor.executeTestSegment(TestActor.java:2208)\n\tat org.getopentest.base.TestActor.runOneSession(TestActor.java:3077)\n\tat org.getopentest.base.TestActor.runOneSession(TestActor.java:3113)\n\tat org.getopentest.Main.main(Main.java:20)\nCaused by: java.lang.RuntimeException: There was an error while executing action no. 1 (github.AssertRepoHasNonEmptyWiki) in segment 1 of test web/Verify GitHub repos have non-empty wiki.\nThe action definition was:\n{\n  \"action\": \"org.getopentest.base.MacroAction\",\n  \"args\": {\n    \"repo\": \"facebook/react\"\n  },\n  \"macro\": \"github.AssertRepoHasNonEmptyWiki\"\n}\n\tat org.getopentest.base.TestActor.executeTestSegment(TestActor.java:2142)\n\t... 3 more\nCaused by: java.lang.RuntimeException: Failed executing action org.getopentest.base.MacroAction with arguments {\"repo\":\"facebook/react\"}\n\tat org.getopentest.base.TestActor.executeActionByDef(TestActor.java:1872)\n\tat org.getopentest.base.TestActor.executeTestSegment(TestActor.java:2092)\n\t... 3 more\nCaused by: java.lang.Exception: There was an error executing macro action github.AssertRepoHasNonEmptyWiki with arguments {\"repo\":\"facebook/react\"}\n\tat org.getopentest.base.TestActor.executeMacroActionByName(TestActor.java:2021)\n\tat org.getopentest.base.TestActor.executeActionByDef(TestActor.java:1745)\n\t... 4 more\nCaused by: java.lang.RuntimeException: There was an error while executing action no. 1 (org.getopentest.selenium.NavigateTo) in macro github/AssertRepoHasNonEmptyWiki.\nThe action definition was:\n{\n  \"action\": \"org.getopentest.selenium.NavigateTo\",\n  \"args\": {\n    \"url\": \"https://github.com/facebook/react/wiki\"\n  },\n  \"description\": \"Navigate to the wiki page\"\n}\n\tat org.getopentest.base.TestActor.executeMacroActionByDef(TestActor.java:1973)\n\tat org.getopentest.base.TestActor.executeMacroActionByName(TestActor.java:2013)\n\t... 5 more\nCaused by: java.lang.RuntimeException: Failed executing action org.getopentest.selenium.NavigateTo with arguments {\"url\":\"https://github.com/facebook/react/wiki\"}\n\tat org.getopentest.base.TestActor.executeActionByDef(TestActor.java:1872)\n\tat org.getopentest.base.TestActor.executeMacroActionByDef(TestActor.java:1938)\n\t... 6 more\nCaused by: java.lang.RuntimeException: org.openqa.selenium.SessionNotCreatedException: session not created: This version of ChromeDriver only supports Chrome version 92\nCurrent browser version is 108.0.5359.124 with binary path /Applications/Google Chrome.app/Contents/MacOS/Google Chrome\nBuild info: version: '3.141.59', revision: 'e82be7d358', time: '2018-11-14T08:17:03'\nSystem info: host: '192.168.1.2', ip: 'fe80:0:0:0:8e5:316d:cd15:a60f%en0', os.name: 'Mac OS X', os.arch: 'x86_64', os.version: '10.16', java.version: '14.0.2'\nDriver info: driver.version: ChromeDriver\nremote stacktrace: 0   chromedriver                        0x0000000103f92829 chromedriver + 2730025\n1   chromedriver                        0x000000010464ff43 chromedriver + 9797443\n2   chromedriver                        0x0000000103d24958 chromedriver + 182616\n3   chromedriver                        0x0000000103d4a6a8 chromedriver + 337576\n4   chromedriver                        0x0000000103d462e3 chromedriver + 320227\n5   chromedriver                        0x0000000103d429f6 chromedriver + 305654\n6   chromedriver                        0x0000000103d7b9d2 chromedriver + 539090\n7   chromedriver                        0x0000000103d75c93 chromedriver + 515219\n8   chromedriver                        0x0000000103d4c8be chromedriver + 346302\n9   chromedriver                        0x0000000103d4db25 chromedriver + 351013\n10  chromedriver                        0x0000000103f59f8f chromedriver + 2498447\n11  chromedriver                        0x0000000103f6ca61 chromedriver + 2574945\n12  chromedriver                        0x0000000103f3f76b chromedriver + 2389867\n13  chromedriver                        0x0000000103f6deda chromedriver + 2580186\n14  chromedriver                        0x0000000103f4fffc chromedriver + 2457596\n15  chromedriver                        0x0000000103f87148 chromedriver + 2683208\n16  chromedriver                        0x0000000103f872d1 chromedriver + 2683601\n17  chromedriver                        0x0000000103f97848 chromedriver + 2750536\n18  libsystem_pthread.dylib             0x00007ff81ace94e1 _pthread_start + 125\n19  libsystem_pthread.dylib             0x00007ff81ace4f6b thread_start + 15\n\n\tat org.getopentest.base.TestActor.executeActionByClassName(TestActor.java:1670)\n\tat org.getopentest.base.TestActor.executeActionByDef(TestActor.java:1749)\n\t... 7 more\nCaused by: org.openqa.selenium.SessionNotCreatedException: session not created: This version of ChromeDriver only supports Chrome version 92\nCurrent browser version is 108.0.5359.124 with binary path /Applications/Google Chrome.app/Contents/MacOS/Google Chrome\nBuild info: version: '3.141.59', revision: 'e82be7d358', time: '2018-11-14T08:17:03'\nSystem info: host: '192.168.1.2', ip: 'fe80:0:0:0:8e5:316d:cd15:a60f%en0', os.name: 'Mac OS X', os.arch: 'x86_64', os.version: '10.16', java.version: '14.0.2'\nDriver info: driver.version: ChromeDriver\nremote stacktrace: 0   chromedriver                        0x0000000103f92829 chromedriver + 2730025\n1   chromedriver                        0x000000010464ff43 chromedriver + 9797443\n2   chromedriver                        0x0000000103d24958 chromedriver + 182616\n3   chromedriver                        0x0000000103d4a6a8 chromedriver + 337576\n4   chromedriver                        0x0000000103d462e3 chromedriver + 320227\n5   chromedriver                        0x0000000103d429f6 chromedriver + 305654\n6   chromedriver                        0x0000000103d7b9d2 chromedriver + 539090\n7   chromedriver                        0x0000000103d75c93 chromedriver + 515219\n8   chromedriver                        0x0000000103d4c8be chromedriver + 346302\n9   chromedriver                        0x0000000103d4db25 chromedriver + 351013\n10  chromedriver                        0x0000000103f59f8f chromedriver + 2498447\n11  chromedriver                        0x0000000103f6ca61 chromedriver + 2574945\n12  chromedriver                        0x0000000103f3f76b chromedriver + 2389867\n13  chromedriver                        0x0000000103f6deda chromedriver + 2580186\n14  chromedriver                        0x0000000103f4fffc chromedriver + 2457596\n15  chromedriver                        0x0000000103f87148 chromedriver + 2683208\n16  chromedriver                        0x0000000103f872d1 chromedriver + 2683601\n17  chromedriver                        0x0000000103f97848 chromedriver + 2750536\n18  libsystem_pthread.dylib             0x00007ff81ace94e1 _pthread_start + 125\n19  libsystem_pthread.dylib             0x00007ff81ace4f6b thread_start + 15\n\n\tat java.base/jdk.internal.reflect.NativeConstructorAccessorImpl.newInstance0(Native Method)\n\tat java.base/jdk.internal.reflect.NativeConstructorAccessorImpl.newInstance(NativeConstructorAccessorImpl.java:62)\n\tat java.base/jdk.internal.reflect.DelegatingConstructorAccessorImpl.newInstance(DelegatingConstructorAccessorImpl.java:45)\n\tat java.base/java.lang.reflect.Constructor.newInstanceWithCaller(Constructor.java:500)\n\tat java.base/java.lang.reflect.Constructor.newInstance(Constructor.java:481)\n\tat org.openqa.selenium.remote.W3CHandshakeResponse.lambda$errorHandler$0(W3CHandshakeResponse.java:62)\n\tat org.openqa.selenium.remote.HandshakeResponse.lambda$getResponseFunction$0(HandshakeResponse.java:30)\n\tat org.openqa.selenium.remote.ProtocolHandshake.lambda$createSession$0(ProtocolHandshake.java:126)\n\tat java.base/java.util.stream.ReferencePipeline$3$1.accept(ReferencePipeline.java:195)\n\tat java.base/java.util.Spliterators$ArraySpliterator.tryAdvance(Spliterators.java:958)\n\tat java.base/java.util.stream.ReferencePipeline.forEachWithCancel(ReferencePipeline.java:127)\n\tat java.base/java.util.stream.AbstractPipeline.copyIntoWithCancel(AbstractPipeline.java:502)\n\tat java.base/java.util.stream.AbstractPipeline.copyInto(AbstractPipeline.java:488)\n\tat java.base/java.util.stream.AbstractPipeline.wrapAndCopyInto(AbstractPipeline.java:474)\n\tat java.base/java.util.stream.FindOps$FindOp.evaluateSequential(FindOps.java:150)\n\tat java.base/java.util.stream.AbstractPipeline.evaluate(AbstractPipeline.java:234)\n\tat java.base/java.util.stream.ReferencePipeline.findFirst(ReferencePipeline.java:543)\n\tat org.openqa.selenium.remote.ProtocolHandshake.createSession(ProtocolHandshake.java:128)\n\tat org.openqa.selenium.remote.ProtocolHandshake.createSession(ProtocolHandshake.java:74)\n\tat org.openqa.selenium.remote.HttpCommandExecutor.execute(HttpCommandExecutor.java:136)\n\tat org.openqa.selenium.remote.service.DriverCommandExecutor.execute(DriverCommandExecutor.java:83)\n\tat org.openqa.selenium.remote.RemoteWebDriver.execute(RemoteWebDriver.java:552)\n\tat org.openqa.selenium.remote.RemoteWebDriver.startSession(RemoteWebDriver.java:213)\n\tat org.openqa.selenium.remote.RemoteWebDriver.<init>(RemoteWebDriver.java:131)\n\tat org.openqa.selenium.chrome.ChromeDriver.<init>(ChromeDriver.java:181)\n\tat org.openqa.selenium.chrome.ChromeDriver.<init>(ChromeDriver.java:168)\n\tat org.openqa.selenium.chrome.ChromeDriver.<init>(ChromeDriver.java:157)\n\tat org.getopentest.selenium.core.SeleniumHelper.createDriver(SeleniumHelper.java:91)\n\tat org.getopentest.selenium.core.SeleniumHelper.getDriver(SeleniumHelper.java:237)\n\tat org.getopentest.selenium.core.SeleniumTestAction.initialize(SeleniumTestAction.java:203)\n\tat org.getopentest.base.TestActor.executeAction(TestActor.java:1553)\n\tat org.getopentest.base.TestActor.executeActionByClassName(TestActor.java:1647)\n\t... 8 more\n","v":0}
{"name":"1671497801","hostname":"192.168.1.2","pid":86454,"level":10,"actorType":"ACTOR1","actorId":"33364","time":"2022-12-20T00:56:49.680343Z","msg":"TRACE: Firing TEST_COMPLETED event...","v":0}
{"name":"1671497801","hostname":"192.168.1.2","pid":86454,"level":30,"actorType":"ACTOR1","actorId":"33364","time":"2022-12-20T00:56:49.680729Z","msg":"Using local Selenium server","v":0}
{"name":"1671497801","hostname":"192.168.1.2","pid":86454,"level":10,"actorType":"ACTOR1","actorId":"33364","time":"2022-12-20T00:56:49.68117Z","msg":"TRACE: Setting system property \"webdriver.chrome.driver\" to \"/usr/local/bin/chromedriver\"","v":0}
{"name":"1671497801","hostname":"192.168.1.2","pid":86454,"level":30,"actorType":"ACTOR1","actorId":"33364","time":"2022-12-20T00:56:51.362399Z","msg":"==================== ACTOR1: web/Verify GitHub repos have non-empty wiki [2] ====================","v":0}
{"name":"1671497801","hostname":"192.168.1.2","pid":86454,"level":30,"actorType":"ACTOR1","actorId":"33364","time":"2022-12-20T00:56:51.362579Z","msg":"Actor ACTOR1 started executing test web/Verify GitHub repos have non-empty wiki [2]...","v":0}
{"name":"1671497801","hostname":"192.168.1.2","pid":86454,"level":30,"actorType":"ACTOR1","actorId":"33364","time":"2022-12-20T00:56:51.363043Z","msg":"Using data record 2 of 2: \"tesseract-ocr/tesseract\"","v":0}
{"name":"1671497801","hostname":"192.168.1.2","pid":86454,"level":10,"actorType":"ACTOR1","actorId":"33364","time":"2022-12-20T00:56:51.363157Z","msg":"TRACE: Firing TEST_STARTED event...","v":0}
{"name":"1671497801","hostname":"192.168.1.2","pid":86454,"level":30,"actorType":"ACTOR1","actorId":"33364","time":"2022-12-20T00:56:51.386542Z","msg":"Executing segment 1 of test web/Verify GitHub repos have non-empty wiki...","v":0}
{"name":"1671497801","hostname":"192.168.1.2","pid":86454,"level":30,"actorType":"ACTOR1","actorId":"33364","time":"2022-12-20T00:56:51.386726Z","msg":"Evaluating action 1/1 (github.AssertRepoHasNonEmptyWiki) in segment 1...","v":0}
{"name":"1671497801","hostname":"192.168.1.2","pid":86454,"level":30,"actorType":"ACTOR1","actorId":"33364","time":"2022-12-20T00:56:51.393352Z","msg":"Executing macro github/AssertRepoHasNonEmptyWiki with arguments {\"repo\":\"tesseract-ocr/tesseract\"}...","v":0}
{"name":"1671497801","hostname":"192.168.1.2","pid":86454,"level":30,"actorType":"ACTOR1","actorId":"33364","time":"2022-12-20T00:56:51.393491Z","msg":"Evaluating action 1/5 in macro github/AssertRepoHasNonEmptyWiki (Navigate to the wiki page)...","v":0}
{"name":"1671497801","hostname":"192.168.1.2","pid":86454,"level":10,"actorType":"ACTOR1","actorId":"33364","time":"2022-12-20T00:56:51.40846Z","msg":"TRACE: Initializing action org.getopentest.selenium.NavigateTo...","v":0}
{"name":"1671497801","hostname":"192.168.1.2","pid":86454,"level":30,"actorType":"ACTOR1","actorId":"33364","time":"2022-12-20T00:56:51.408702Z","msg":"Using local Selenium server","v":0}
{"name":"1671497801","hostname":"192.168.1.2","pid":86454,"level":10,"actorType":"ACTOR1","actorId":"33364","time":"2022-12-20T00:56:51.408843Z","msg":"TRACE: Setting system property \"webdriver.chrome.driver\" to \"/usr/local/bin/chromedriver\"","v":0}
{"name":"1671497801","hostname":"192.168.1.2","pid":86454,"level":50,"actorType":"ACTOR1","actorId":"33364","time":"2022-12-20T00:56:52.98075Z","msg":"ERROR: java.lang.Exception: Failed executing test web/Verify GitHub repos have non-empty wiki, segment 1\n\tat org.getopentest.base.TestActor.executeTestSegment(TestActor.java:2208)\n\tat org.getopentest.base.TestActor.runOneSession(TestActor.java:3077)\n\tat org.getopentest.base.TestActor.runOneSession(TestActor.java:3113)\n\tat org.getopentest.Main.main(Main.java:20)\nCaused by: java.lang.RuntimeException: There was an error while executing action no. 1 (github.AssertRepoHasNonEmptyWiki) in segment 1 of test web/Verify GitHub repos have non-empty wiki.\nThe action definition was:\n{\n  \"action\": \"org.getopentest.base.MacroAction\",\n  \"args\": {\n    \"repo\": \"tesseract-ocr/tesseract\"\n  },\n  \"macro\": \"github.AssertRepoHasNonEmptyWiki\"\n}\n\tat org.getopentest.base.TestActor.executeTestSegment(TestActor.java:2142)\n\t... 3 more\nCaused by: java.lang.RuntimeException: Failed executing action org.getopentest.base.MacroAction with arguments {\"repo\":\"tesseract-ocr/tesseract\"}\n\tat org.getopentest.base.TestActor.executeActionByDef(TestActor.java:1872)\n\tat org.getopentest.base.TestActor.executeTestSegment(TestActor.java:2092)\n\t... 3 more\nCaused by: java.lang.Exception: There was an error executing macro action github.AssertRepoHasNonEmptyWiki with arguments {\"repo\":\"tesseract-ocr/tesseract\"}\n\tat org.getopentest.base.TestActor.executeMacroActionByName(TestActor.java:2021)\n\tat org.getopentest.base.TestActor.executeActionByDef(TestActor.java:1745)\n\t... 4 more\nCaused by: java.lang.RuntimeException: There was an error while executing action no. 1 (org.getopentest.selenium.NavigateTo) in macro github/AssertRepoHasNonEmptyWiki.\nThe action definition was:\n{\n  \"action\": \"org.getopentest.selenium.NavigateTo\",\n  \"args\": {\n    \"url\": \"https://github.com/tesseract-ocr/tesseract/wiki\"\n  },\n  \"description\": \"Navigate to the wiki page\"\n}\n\tat org.getopentest.base.TestActor.executeMacroActionByDef(TestActor.java:1973)\n\tat org.getopentest.base.TestActor.executeMacroActionByName(TestActor.java:2013)\n\t... 5 more\nCaused by: java.lang.RuntimeException: Failed executing action org.getopentest.selenium.NavigateTo with arguments {\"url\":\"https://github.com/tesseract-ocr/tesseract/wiki\"}\n\tat org.getopentest.base.TestActor.executeActionByDef(TestActor.java:1872)\n\tat org.getopentest.base.TestActor.executeMacroActionByDef(TestActor.java:1938)\n\t... 6 more\nCaused by: java.lang.RuntimeException: org.openqa.selenium.SessionNotCreatedException: session not created: This version of ChromeDriver only supports Chrome version 92\nCurrent browser version is 108.0.5359.124 with binary path /Applications/Google Chrome.app/Contents/MacOS/Google Chrome\nBuild info: version: '3.141.59', revision: 'e82be7d358', time: '2018-11-14T08:17:03'\nSystem info: host: '192.168.1.2', ip: 'fe80:0:0:0:8e5:316d:cd15:a60f%en0', os.name: 'Mac OS X', os.arch: 'x86_64', os.version: '10.16', java.version: '14.0.2'\nDriver info: driver.version: ChromeDriver\nremote stacktrace: 0   chromedriver                        0x000000010c229829 chromedriver + 2730025\n1   chromedriver                        0x000000010c8e6f43 chromedriver + 9797443\n2   chromedriver                        0x000000010bfbb958 chromedriver + 182616\n3   chromedriver                        0x000000010bfe16a8 chromedriver + 337576\n4   chromedriver                        0x000000010bfdd2e3 chromedriver + 320227\n5   chromedriver                        0x000000010bfd99f6 chromedriver + 305654\n6   chromedriver                        0x000000010c0129d2 chromedriver + 539090\n7   chromedriver                        0x000000010c00cc93 chromedriver + 515219\n8   chromedriver                        0x000000010bfe38be chromedriver + 346302\n9   chromedriver                        0x000000010bfe4b25 chromedriver + 351013\n10  chromedriver                        0x000000010c1f0f8f chromedriver + 2498447\n11  chromedriver                        0x000000010c203a61 chromedriver + 2574945\n12  chromedriver                        0x000000010c1d676b chromedriver + 2389867\n13  chromedriver                        0x000000010c204eda chromedriver + 2580186\n14  chromedriver                        0x000000010c1e6ffc chromedriver + 2457596\n15  chromedriver                        0x000000010c21e148 chromedriver + 2683208\n16  chromedriver                        0x000000010c21e2d1 chromedriver + 2683601\n17  chromedriver                        0x000000010c22e848 chromedriver + 2750536\n18  libsystem_pthread.dylib             0x00007ff81ace94e1 _pthread_start + 125\n19  libsystem_pthread.dylib             0x00007ff81ace4f6b thread_start + 15\n\n\tat org.getopentest.base.TestActor.executeActionByClassName(TestActor.java:1670)\n\tat org.getopentest.base.TestActor.executeActionByDef(TestActor.java:1749)\n\t... 7 more\nCaused by: org.openqa.selenium.SessionNotCreatedException: session not created: This version of ChromeDriver only supports Chrome version 92\nCurrent browser version is 108.0.5359.124 with binary path /Applications/Google Chrome.app/Contents/MacOS/Google Chrome\nBuild info: version: '3.141.59', revision: 'e82be7d358', time: '2018-11-14T08:17:03'\nSystem info: host: '192.168.1.2', ip: 'fe80:0:0:0:8e5:316d:cd15:a60f%en0', os.name: 'Mac OS X', os.arch: 'x86_64', os.version: '10.16', java.version: '14.0.2'\nDriver info: driver.version: ChromeDriver\nremote stacktrace: 0   chromedriver                        0x000000010c229829 chromedriver + 2730025\n1   chromedriver                        0x000000010c8e6f43 chromedriver + 9797443\n2   chromedriver                        0x000000010bfbb958 chromedriver + 182616\n3   chromedriver                        0x000000010bfe16a8 chromedriver + 337576\n4   chromedriver                        0x000000010bfdd2e3 chromedriver + 320227\n5   chromedriver                        0x000000010bfd99f6 chromedriver + 305654\n6   chromedriver                        0x000000010c0129d2 chromedriver + 539090\n7   chromedriver                        0x000000010c00cc93 chromedriver + 515219\n8   chromedriver                        0x000000010bfe38be chromedriver + 346302\n9   chromedriver                        0x000000010bfe4b25 chromedriver + 351013\n10  chromedriver                        0x000000010c1f0f8f chromedriver + 2498447\n11  chromedriver                        0x000000010c203a61 chromedriver + 2574945\n12  chromedriver                        0x000000010c1d676b chromedriver + 2389867\n13  chromedriver                        0x000000010c204eda chromedriver + 2580186\n14  chromedriver                        0x000000010c1e6ffc chromedriver + 2457596\n15  chromedriver                        0x000000010c21e148 chromedriver + 2683208\n16  chromedriver                        0x000000010c21e2d1 chromedriver + 2683601\n17  chromedriver                        0x000000010c22e848 chromedriver + 2750536\n18  libsystem_pthread.dylib             0x00007ff81ace94e1 _pthread_start + 125\n19  libsystem_pthread.dylib             0x00007ff81ace4f6b thread_start + 15\n\n\tat java.base/jdk.internal.reflect.NativeConstructorAccessorImpl.newInstance0(Native Method)\n\tat java.base/jdk.internal.reflect.NativeConstructorAccessorImpl.newInstance(NativeConstructorAccessorImpl.java:62)\n\tat java.base/jdk.internal.reflect.DelegatingConstructorAccessorImpl.newInstance(DelegatingConstructorAccessorImpl.java:45)\n\tat java.base/java.lang.reflect.Constructor.newInstanceWithCaller(Constructor.java:500)\n\tat java.base/java.lang.reflect.Constructor.newInstance(Constructor.java:481)\n\tat org.openqa.selenium.remote.W3CHandshakeResponse.lambda$errorHandler$0(W3CHandshakeResponse.java:62)\n\tat org.openqa.selenium.remote.HandshakeResponse.lambda$getResponseFunction$0(HandshakeResponse.java:30)\n\tat org.openqa.selenium.remote.ProtocolHandshake.lambda$createSession$0(ProtocolHandshake.java:126)\n\tat java.base/java.util.stream.ReferencePipeline$3$1.accept(ReferencePipeline.java:195)\n\tat java.base/java.util.Spliterators$ArraySpliterator.tryAdvance(Spliterators.java:958)\n\tat java.base/java.util.stream.ReferencePipeline.forEachWithCancel(ReferencePipeline.java:127)\n\tat java.base/java.util.stream.AbstractPipeline.copyIntoWithCancel(AbstractPipeline.java:502)\n\tat java.base/java.util.stream.AbstractPipeline.copyInto(AbstractPipeline.java:488)\n\tat java.base/java.util.stream.AbstractPipeline.wrapAndCopyInto(AbstractPipeline.java:474)\n\tat java.base/java.util.stream.FindOps$FindOp.evaluateSequential(FindOps.java:150)\n\tat java.base/java.util.stream.AbstractPipeline.evaluate(AbstractPipeline.java:234)\n\tat java.base/java.util.stream.ReferencePipeline.findFirst(ReferencePipeline.java:543)\n\tat org.openqa.selenium.remote.ProtocolHandshake.createSession(ProtocolHandshake.java:128)\n\tat org.openqa.selenium.remote.ProtocolHandshake.createSession(ProtocolHandshake.java:74)\n\tat org.openqa.selenium.remote.HttpCommandExecutor.execute(HttpCommandExecutor.java:136)\n\tat org.openqa.selenium.remote.service.DriverCommandExecutor.execute(DriverCommandExecutor.java:83)\n\tat org.openqa.selenium.remote.RemoteWebDriver.execute(RemoteWebDriver.java:552)\n\tat org.openqa.selenium.remote.RemoteWebDriver.startSession(RemoteWebDriver.java:213)\n\tat org.openqa.selenium.remote.RemoteWebDriver.<init>(RemoteWebDriver.java:131)\n\tat org.openqa.selenium.chrome.ChromeDriver.<init>(ChromeDriver.java:181)\n\tat org.openqa.selenium.chrome.ChromeDriver.<init>(ChromeDriver.java:168)\n\tat org.openqa.selenium.chrome.ChromeDriver.<init>(ChromeDriver.java:157)\n\tat org.getopentest.selenium.core.SeleniumHelper.createDriver(SeleniumHelper.java:91)\n\tat org.getopentest.selenium.core.SeleniumHelper.getDriver(SeleniumHelper.java:237)\n\tat org.getopentest.selenium.core.SeleniumTestAction.initialize(SeleniumTestAction.java:203)\n\tat org.getopentest.base.TestActor.executeAction(TestActor.java:1553)\n\tat org.getopentest.base.TestActor.executeActionByClassName(TestActor.java:1647)\n\t... 8 more\n","v":0}
{"name":"1671497801","hostname":"192.168.1.2","pid":86454,"level":30,"actorType":"ACTOR1","actorId":"33364","time":"2022-12-20T00:56:53.502151Z","msg":"Test session has completed","v":0}
{"name":"1671497801","hostname":"192.168.1.2","pid":86454,"level":10,"actorType":"ACTOR1","actorId":"33364","time":"2022-12-20T00:56:53.502361Z","msg":"TRACE: Firing TEST_COMPLETED event...","v":0}
{"name":"1671497801","hostname":"192.168.1.2","pid":86454,"level":30,"actorType":"ACTOR1","actorId":"33364","time":"2022-12-20T00:56:53.502585Z","msg":"Using local Selenium server","v":0}
{"name":"1671497801","hostname":"192.168.1.2","pid":86454,"level":10,"actorType":"ACTOR1","actorId":"33364","time":"2022-12-20T00:56:53.502844Z","msg":"TRACE: Setting system property \"webdriver.chrome.driver\" to \"/usr/local/bin/chromedriver\"","v":0}
{"name":"1671497801","hostname":"192.168.1.2","pid":86454,"level":50,"actorType":"ACTOR1","actorId":"33364","time":"2022-12-20T00:56:54.9667Z","msg":"ERROR: The \"runOneSession\" method failed","v":0}
{"name":"1671497801","hostname":"192.168.1.2","pid":86454,"level":50,"actorType":"ACTOR1","actorId":"33364","time":"2022-12-20T00:56:54.966934Z","msg":"ERROR: java.lang.NullPointerException\n\tat org.getopentest.selenium.core.SeleniumTestAction$1.update(SeleniumTestAction.java:190)\n\tat java.base/java.util.Observable.notifyObservers(Observable.java:173)\n\tat org.getopentest.base.TestActor.runOneSession(TestActor.java:3102)\n\tat org.getopentest.base.TestActor.runOneSession(TestActor.java:3113)\n\tat org.getopentest.Main.main(Main.java:20)\n","v":0}
{"name":"1671497801","hostname":"192.168.1.2","pid":86454,"level":30,"actorType":"ACTOR1","actorId":"33364","time":"2022-12-20T00:56:54.967059Z","msg":"Actor 33364 of type ACTOR1 with no tags is waiting to be acquired by a test session...","v":0}
{"name":"1671497801","hostname":"192.168.1.2","pid":86454,"level":10,"actorType":"ACTOR1","actorId":"33364","time":"2022-12-20T00:57:46.385685Z","msg":"TRACE: Initializing test session information in the \"announce\" method...","v":0}
{"name":"1671497801","hostname":"192.168.1.2","pid":86454,"level":10,"actorType":"ACTOR1","actorId":"33364","time":"2022-12-20T00:57:46.386139Z","msg":"TRACE: Session ID in sync server response was 1671497866; actor session ID was null","v":0}
