{"name":"1671407521","hostname":"192.168.1.2","pid":86454,"level":20,"msg":"Sync server version: 1.3.8 2022-02-25 10:58:11 -0600 50659ecda06a8b79a41f24c1fdff05187324402b","time":"2022-12-18T23:52:00.821Z","v":0}
{"name":"1671407521","hostname":"192.168.1.2","pid":86454,"level":30,"msg":"Acquiring actors for session 1671407521: ACTOR1","time":"2022-12-18T23:52:00.828Z","v":0}
{"name":"1671407521","hostname":"192.168.1.2","pid":86454,"level":30,"msg":"Session 1671407521 with label \"GitHub web UI tests\" started at 2022-12-18 23:52:00 UTC","time":"2022-12-18T23:52:00.833Z","v":0}
{"name":"1671407521","hostname":"192.168.1.2","pid":86454,"level":30,"actorType":"ACTOR1","actorId":"58965","time":"2022-12-18T23:52:02.758401Z","msg":"Actor 58965 of type ACTOR1 was acquired by test session 1671407521","v":0}
{"name":"1671407521","hostname":"192.168.1.2","pid":86454,"level":20,"actorType":"ACTOR1","actorId":"58965","time":"2022-12-18T23:52:02.76657Z","msg":"DEBUG: Test actor JAR versions:","v":0}
{"name":"1671407521","hostname":"192.168.1.2","pid":86454,"level":20,"actorType":"ACTOR1","actorId":"58965","time":"2022-12-18T23:52:02.768499Z","msg":"DEBUG:   opentest-appium-0.0.1.jar: 2022-02-25 10:58 -0600 0.0.1-50659ecda06a8b79a41f24c1fdff05187324402b-dirty","v":0}
{"name":"1671407521","hostname":"192.168.1.2","pid":86454,"level":20,"actorType":"ACTOR1","actorId":"58965","time":"2022-12-18T23:52:02.769653Z","msg":"DEBUG:   opentest-base-0.0.1.jar: 2022-02-25 10:58 -0600 0.0.1-50659ecda06a8b79a41f24c1fdff05187324402b-dirty","v":0}
{"name":"1671407521","hostname":"192.168.1.2","pid":86454,"level":20,"actorType":"ACTOR1","actorId":"58965","time":"2022-12-18T23:52:02.770777Z","msg":"DEBUG:   opentest-selenium-0.0.1.jar: 2022-02-25 10:58 -0600 0.0.1-50659ecda06a8b79a41f24c1fdff05187324402b-dirty","v":0}
{"name":"1671407521","hostname":"192.168.1.2","pid":86454,"level":40,"actorType":"ACTOR1","actorId":"58965","time":"2022-12-18T23:52:02.771526Z","msg":"WARN: Failed to log extension JARs","v":0}
{"name":"1671407521","hostname":"192.168.1.2","pid":86454,"level":10,"actorType":"ACTOR1","actorId":"58965","time":"2022-12-18T23:52:02.771806Z","msg":"TRACE: Firing SESSION_STARTED event...","v":0}
{"name":"1671407521","hostname":"192.168.1.2","pid":86454,"level":30,"actorType":"ACTOR1","actorId":"58965","time":"2022-12-18T23:52:02.86798Z","msg":"==================== ACTOR1: web/Find the React repo on GitHub's website ====================","v":0}
{"name":"1671407521","hostname":"192.168.1.2","pid":86454,"level":30,"actorType":"ACTOR1","actorId":"58965","time":"2022-12-18T23:52:02.868172Z","msg":"Actor ACTOR1 started executing test web/Find the React repo on GitHub's website...","v":0}
{"name":"1671407521","hostname":"192.168.1.2","pid":86454,"level":10,"actorType":"ACTOR1","actorId":"58965","time":"2022-12-18T23:52:02.868653Z","msg":"TRACE: Firing TEST_STARTED event...","v":0}
{"name":"1671407521","hostname":"192.168.1.2","pid":86454,"level":30,"actorType":"ACTOR1","actorId":"58965","time":"2022-12-18T23:52:02.907986Z","msg":"Executing segment 1 of test web/Find the React repo on GitHub's website...","v":0}
{"name":"1671407521","hostname":"192.168.1.2","pid":86454,"level":30,"actorType":"ACTOR1","actorId":"58965","time":"2022-12-18T23:52:02.908378Z","msg":"Evaluating action 1/4 (org.getopentest.selenium.NavigateTo) in segment 1 (Navigate to the GitHub homepage)...","v":0}
{"name":"1671407521","hostname":"192.168.1.2","pid":86454,"level":10,"actorType":"ACTOR1","actorId":"58965","time":"2022-12-18T23:52:02.915209Z","msg":"TRACE: Initializing action org.getopentest.selenium.NavigateTo...","v":0}
{"name":"1671407521","hostname":"192.168.1.2","pid":86454,"level":30,"actorType":"ACTOR1","actorId":"58965","time":"2022-12-18T23:52:02.92349Z","msg":"Loading configuration from \"/Users/aldolim/Documents/opentest/actor1/actor.yaml\"","v":0}
{"name":"1671407521","hostname":"192.168.1.2","pid":86454,"level":30,"actorType":"ACTOR1","actorId":"58965","time":"2022-12-18T23:52:02.929634Z","msg":"Using local Selenium server","v":0}
{"name":"1671407521","hostname":"192.168.1.2","pid":86454,"level":50,"actorType":"ACTOR1","actorId":"58965","time":"2022-12-18T23:52:02.959023Z","msg":"ERROR: java.lang.Exception: Failed executing test web/Find the React repo on GitHub's website, segment 1\n\tat org.getopentest.base.TestActor.executeTestSegment(TestActor.java:2208)\n\tat org.getopentest.base.TestActor.runOneSession(TestActor.java:3077)\n\tat org.getopentest.base.TestActor.runOneSession(TestActor.java:3113)\n\tat org.getopentest.Main.main(Main.java:20)\nCaused by: java.lang.RuntimeException: There was an error while executing action no. 1 (org.getopentest.selenium.NavigateTo) in segment 1 of test web/Find the React repo on GitHub's website.\nThe action definition was:\n{\n  \"action\": \"org.getopentest.selenium.NavigateTo\",\n  \"args\": {\n    \"url\": \"https://github.com/\"\n  },\n  \"description\": \"Navigate to the GitHub homepage\"\n}\n\tat org.getopentest.base.TestActor.executeTestSegment(TestActor.java:2142)\n\t... 3 more\nCaused by: java.lang.RuntimeException: Failed executing action org.getopentest.selenium.NavigateTo with arguments {\"url\":\"https://github.com/\"}\n\tat org.getopentest.base.TestActor.executeActionByDef(TestActor.java:1872)\n\tat org.getopentest.base.TestActor.executeTestSegment(TestActor.java:2092)\n\t... 3 more\nCaused by: java.lang.RuntimeException: java.lang.RuntimeException: Failed to find the Selenium driver executable for browser \"chrome\". File \"C:/Selenium/chromedriver.exe\" does not exist. You can provide the correct path to the driver in the test actor's configuration file.\n\tat org.getopentest.base.TestActor.executeActionByClassName(TestActor.java:1670)\n\tat org.getopentest.base.TestActor.executeActionByDef(TestActor.java:1749)\n\t... 4 more\nCaused by: java.lang.RuntimeException: Failed to find the Selenium driver executable for browser \"chrome\". File \"C:/Selenium/chromedriver.exe\" does not exist. You can provide the correct path to the driver in the test actor's configuration file.\n\tat org.getopentest.selenium.core.SeleniumHelper.setDriverExecutable(SeleniumHelper.java:306)\n\tat org.getopentest.selenium.core.SeleniumHelper.createDriver(SeleniumHelper.java:67)\n\tat org.getopentest.selenium.core.SeleniumHelper.getDriver(SeleniumHelper.java:237)\n\tat org.getopentest.selenium.core.SeleniumTestAction.initialize(SeleniumTestAction.java:203)\n\tat org.getopentest.base.TestActor.executeAction(TestActor.java:1553)\n\tat org.getopentest.base.TestActor.executeActionByClassName(TestActor.java:1647)\n\t... 5 more\n","v":0}
{"name":"1671407521","hostname":"192.168.1.2","pid":86454,"level":10,"actorType":"ACTOR1","actorId":"58965","time":"2022-12-18T23:52:03.469993Z","msg":"TRACE: Firing TEST_COMPLETED event...","v":0}
{"name":"1671407521","hostname":"192.168.1.2","pid":86454,"level":30,"actorType":"ACTOR1","actorId":"58965","time":"2022-12-18T23:52:03.470611Z","msg":"Using local Selenium server","v":0}
{"name":"1671407521","hostname":"192.168.1.2","pid":86454,"level":30,"actorType":"ACTOR1","actorId":"58965","time":"2022-12-18T23:52:03.517701Z","msg":"==================== ACTOR1: web/Verify GitHub repos have non-empty wiki [1] ====================","v":0}
{"name":"1671407521","hostname":"192.168.1.2","pid":86454,"level":30,"actorType":"ACTOR1","actorId":"58965","time":"2022-12-18T23:52:03.517841Z","msg":"Actor ACTOR1 started executing test web/Verify GitHub repos have non-empty wiki [1]...","v":0}
{"name":"1671407521","hostname":"192.168.1.2","pid":86454,"level":30,"actorType":"ACTOR1","actorId":"58965","time":"2022-12-18T23:52:03.51931Z","msg":"Using data record 1 of 2: \"facebook/react\"","v":0}
{"name":"1671407521","hostname":"192.168.1.2","pid":86454,"level":10,"actorType":"ACTOR1","actorId":"58965","time":"2022-12-18T23:52:03.519442Z","msg":"TRACE: Firing TEST_STARTED event...","v":0}
{"name":"1671407521","hostname":"192.168.1.2","pid":86454,"level":30,"actorType":"ACTOR1","actorId":"58965","time":"2022-12-18T23:52:03.552352Z","msg":"Executing segment 1 of test web/Verify GitHub repos have non-empty wiki...","v":0}
{"name":"1671407521","hostname":"192.168.1.2","pid":86454,"level":30,"actorType":"ACTOR1","actorId":"58965","time":"2022-12-18T23:52:03.55263Z","msg":"Evaluating action 1/1 (github.AssertRepoHasNonEmptyWiki) in segment 1...","v":0}
{"name":"1671407521","hostname":"192.168.1.2","pid":86454,"level":30,"actorType":"ACTOR1","actorId":"58965","time":"2022-12-18T23:52:03.570397Z","msg":"Executing macro github/AssertRepoHasNonEmptyWiki with arguments {\"repo\":\"facebook/react\"}...","v":0}
{"name":"1671407521","hostname":"192.168.1.2","pid":86454,"level":30,"actorType":"ACTOR1","actorId":"58965","time":"2022-12-18T23:52:03.570618Z","msg":"Evaluating action 1/5 in macro github/AssertRepoHasNonEmptyWiki (Navigate to the wiki page)...","v":0}
{"name":"1671407521","hostname":"192.168.1.2","pid":86454,"level":10,"actorType":"ACTOR1","actorId":"58965","time":"2022-12-18T23:52:03.618585Z","msg":"TRACE: Initializing action org.getopentest.selenium.NavigateTo...","v":0}
{"name":"1671407521","hostname":"192.168.1.2","pid":86454,"level":30,"actorType":"ACTOR1","actorId":"58965","time":"2022-12-18T23:52:03.618778Z","msg":"Using local Selenium server","v":0}
{"name":"1671407521","hostname":"192.168.1.2","pid":86454,"level":50,"actorType":"ACTOR1","actorId":"58965","time":"2022-12-18T23:52:03.630806Z","msg":"ERROR: java.lang.Exception: Failed executing test web/Verify GitHub repos have non-empty wiki, segment 1\n\tat org.getopentest.base.TestActor.executeTestSegment(TestActor.java:2208)\n\tat org.getopentest.base.TestActor.runOneSession(TestActor.java:3077)\n\tat org.getopentest.base.TestActor.runOneSession(TestActor.java:3113)\n\tat org.getopentest.Main.main(Main.java:20)\nCaused by: java.lang.RuntimeException: There was an error while executing action no. 1 (github.AssertRepoHasNonEmptyWiki) in segment 1 of test web/Verify GitHub repos have non-empty wiki.\nThe action definition was:\n{\n  \"action\": \"org.getopentest.base.MacroAction\",\n  \"args\": {\n    \"repo\": \"facebook/react\"\n  },\n  \"macro\": \"github.AssertRepoHasNonEmptyWiki\"\n}\n\tat org.getopentest.base.TestActor.executeTestSegment(TestActor.java:2142)\n\t... 3 more\nCaused by: java.lang.RuntimeException: Failed executing action org.getopentest.base.MacroAction with arguments {\"repo\":\"facebook/react\"}\n\tat org.getopentest.base.TestActor.executeActionByDef(TestActor.java:1872)\n\tat org.getopentest.base.TestActor.executeTestSegment(TestActor.java:2092)\n\t... 3 more\nCaused by: java.lang.Exception: There was an error executing macro action github.AssertRepoHasNonEmptyWiki with arguments {\"repo\":\"facebook/react\"}\n\tat org.getopentest.base.TestActor.executeMacroActionByName(TestActor.java:2021)\n\tat org.getopentest.base.TestActor.executeActionByDef(TestActor.java:1745)\n\t... 4 more\nCaused by: java.lang.RuntimeException: There was an error while executing action no. 1 (org.getopentest.selenium.NavigateTo) in macro github/AssertRepoHasNonEmptyWiki.\nThe action definition was:\n{\n  \"action\": \"org.getopentest.selenium.NavigateTo\",\n  \"args\": {\n    \"url\": \"https://github.com/facebook/react/wiki\"\n  },\n  \"description\": \"Navigate to the wiki page\"\n}\n\tat org.getopentest.base.TestActor.executeMacroActionByDef(TestActor.java:1973)\n\tat org.getopentest.base.TestActor.executeMacroActionByName(TestActor.java:2013)\n\t... 5 more\nCaused by: java.lang.RuntimeException: Failed executing action org.getopentest.selenium.NavigateTo with arguments {\"url\":\"https://github.com/facebook/react/wiki\"}\n\tat org.getopentest.base.TestActor.executeActionByDef(TestActor.java:1872)\n\tat org.getopentest.base.TestActor.executeMacroActionByDef(TestActor.java:1938)\n\t... 6 more\nCaused by: java.lang.RuntimeException: java.lang.RuntimeException: Failed to find the Selenium driver executable for browser \"chrome\". File \"C:/Selenium/chromedriver.exe\" does not exist. You can provide the correct path to the driver in the test actor's configuration file.\n\tat org.getopentest.base.TestActor.executeActionByClassName(TestActor.java:1670)\n\tat org.getopentest.base.TestActor.executeActionByDef(TestActor.java:1749)\n\t... 7 more\nCaused by: java.lang.RuntimeException: Failed to find the Selenium driver executable for browser \"chrome\". File \"C:/Selenium/chromedriver.exe\" does not exist. You can provide the correct path to the driver in the test actor's configuration file.\n\tat org.getopentest.selenium.core.SeleniumHelper.setDriverExecutable(SeleniumHelper.java:306)\n\tat org.getopentest.selenium.core.SeleniumHelper.createDriver(SeleniumHelper.java:67)\n\tat org.getopentest.selenium.core.SeleniumHelper.getDriver(SeleniumHelper.java:237)\n\tat org.getopentest.selenium.core.SeleniumTestAction.initialize(SeleniumTestAction.java:203)\n\tat org.getopentest.base.TestActor.executeAction(TestActor.java:1553)\n\tat org.getopentest.base.TestActor.executeActionByClassName(TestActor.java:1647)\n\t... 8 more\n","v":0}
{"name":"1671407521","hostname":"192.168.1.2","pid":86454,"level":10,"actorType":"ACTOR1","actorId":"58965","time":"2022-12-18T23:52:04.142871Z","msg":"TRACE: Firing TEST_COMPLETED event...","v":0}
{"name":"1671407521","hostname":"192.168.1.2","pid":86454,"level":30,"actorType":"ACTOR1","actorId":"58965","time":"2022-12-18T23:52:04.143716Z","msg":"Using local Selenium server","v":0}
{"name":"1671407521","hostname":"192.168.1.2","pid":86454,"level":30,"actorType":"ACTOR1","actorId":"58965","time":"2022-12-18T23:52:04.184967Z","msg":"==================== ACTOR1: web/Verify GitHub repos have non-empty wiki [2] ====================","v":0}
{"name":"1671407521","hostname":"192.168.1.2","pid":86454,"level":30,"actorType":"ACTOR1","actorId":"58965","time":"2022-12-18T23:52:04.18511Z","msg":"Actor ACTOR1 started executing test web/Verify GitHub repos have non-empty wiki [2]...","v":0}
{"name":"1671407521","hostname":"192.168.1.2","pid":86454,"level":30,"actorType":"ACTOR1","actorId":"58965","time":"2022-12-18T23:52:04.185579Z","msg":"Using data record 2 of 2: \"tesseract-ocr/tesseract\"","v":0}
{"name":"1671407521","hostname":"192.168.1.2","pid":86454,"level":10,"actorType":"ACTOR1","actorId":"58965","time":"2022-12-18T23:52:04.18569Z","msg":"TRACE: Firing TEST_STARTED event...","v":0}
{"name":"1671407521","hostname":"192.168.1.2","pid":86454,"level":30,"actorType":"ACTOR1","actorId":"58965","time":"2022-12-18T23:52:04.218529Z","msg":"Executing segment 1 of test web/Verify GitHub repos have non-empty wiki...","v":0}
{"name":"1671407521","hostname":"192.168.1.2","pid":86454,"level":30,"actorType":"ACTOR1","actorId":"58965","time":"2022-12-18T23:52:04.218907Z","msg":"Evaluating action 1/1 (github.AssertRepoHasNonEmptyWiki) in segment 1...","v":0}
{"name":"1671407521","hostname":"192.168.1.2","pid":86454,"level":30,"actorType":"ACTOR1","actorId":"58965","time":"2022-12-18T23:52:04.227343Z","msg":"Executing macro github/AssertRepoHasNonEmptyWiki with arguments {\"repo\":\"tesseract-ocr/tesseract\"}...","v":0}
{"name":"1671407521","hostname":"192.168.1.2","pid":86454,"level":30,"actorType":"ACTOR1","actorId":"58965","time":"2022-12-18T23:52:04.227658Z","msg":"Evaluating action 1/5 in macro github/AssertRepoHasNonEmptyWiki (Navigate to the wiki page)...","v":0}
{"name":"1671407521","hostname":"192.168.1.2","pid":86454,"level":10,"actorType":"ACTOR1","actorId":"58965","time":"2022-12-18T23:52:04.249853Z","msg":"TRACE: Initializing action org.getopentest.selenium.NavigateTo...","v":0}
{"name":"1671407521","hostname":"192.168.1.2","pid":86454,"level":30,"actorType":"ACTOR1","actorId":"58965","time":"2022-12-18T23:52:04.250156Z","msg":"Using local Selenium server","v":0}
{"name":"1671407521","hostname":"192.168.1.2","pid":86454,"level":50,"actorType":"ACTOR1","actorId":"58965","time":"2022-12-18T23:52:04.264455Z","msg":"ERROR: java.lang.Exception: Failed executing test web/Verify GitHub repos have non-empty wiki, segment 1\n\tat org.getopentest.base.TestActor.executeTestSegment(TestActor.java:2208)\n\tat org.getopentest.base.TestActor.runOneSession(TestActor.java:3077)\n\tat org.getopentest.base.TestActor.runOneSession(TestActor.java:3113)\n\tat org.getopentest.Main.main(Main.java:20)\nCaused by: java.lang.RuntimeException: There was an error while executing action no. 1 (github.AssertRepoHasNonEmptyWiki) in segment 1 of test web/Verify GitHub repos have non-empty wiki.\nThe action definition was:\n{\n  \"action\": \"org.getopentest.base.MacroAction\",\n  \"args\": {\n    \"repo\": \"tesseract-ocr/tesseract\"\n  },\n  \"macro\": \"github.AssertRepoHasNonEmptyWiki\"\n}\n\tat org.getopentest.base.TestActor.executeTestSegment(TestActor.java:2142)\n\t... 3 more\nCaused by: java.lang.RuntimeException: Failed executing action org.getopentest.base.MacroAction with arguments {\"repo\":\"tesseract-ocr/tesseract\"}\n\tat org.getopentest.base.TestActor.executeActionByDef(TestActor.java:1872)\n\tat org.getopentest.base.TestActor.executeTestSegment(TestActor.java:2092)\n\t... 3 more\nCaused by: java.lang.Exception: There was an error executing macro action github.AssertRepoHasNonEmptyWiki with arguments {\"repo\":\"tesseract-ocr/tesseract\"}\n\tat org.getopentest.base.TestActor.executeMacroActionByName(TestActor.java:2021)\n\tat org.getopentest.base.TestActor.executeActionByDef(TestActor.java:1745)\n\t... 4 more\nCaused by: java.lang.RuntimeException: There was an error while executing action no. 1 (org.getopentest.selenium.NavigateTo) in macro github/AssertRepoHasNonEmptyWiki.\nThe action definition was:\n{\n  \"action\": \"org.getopentest.selenium.NavigateTo\",\n  \"args\": {\n    \"url\": \"https://github.com/tesseract-ocr/tesseract/wiki\"\n  },\n  \"description\": \"Navigate to the wiki page\"\n}\n\tat org.getopentest.base.TestActor.executeMacroActionByDef(TestActor.java:1973)\n\tat org.getopentest.base.TestActor.executeMacroActionByName(TestActor.java:2013)\n\t... 5 more\nCaused by: java.lang.RuntimeException: Failed executing action org.getopentest.selenium.NavigateTo with arguments {\"url\":\"https://github.com/tesseract-ocr/tesseract/wiki\"}\n\tat org.getopentest.base.TestActor.executeActionByDef(TestActor.java:1872)\n\tat org.getopentest.base.TestActor.executeMacroActionByDef(TestActor.java:1938)\n\t... 6 more\nCaused by: java.lang.RuntimeException: java.lang.RuntimeException: Failed to find the Selenium driver executable for browser \"chrome\". File \"C:/Selenium/chromedriver.exe\" does not exist. You can provide the correct path to the driver in the test actor's configuration file.\n\tat org.getopentest.base.TestActor.executeActionByClassName(TestActor.java:1670)\n\tat org.getopentest.base.TestActor.executeActionByDef(TestActor.java:1749)\n\t... 7 more\nCaused by: java.lang.RuntimeException: Failed to find the Selenium driver executable for browser \"chrome\". File \"C:/Selenium/chromedriver.exe\" does not exist. You can provide the correct path to the driver in the test actor's configuration file.\n\tat org.getopentest.selenium.core.SeleniumHelper.setDriverExecutable(SeleniumHelper.java:306)\n\tat org.getopentest.selenium.core.SeleniumHelper.createDriver(SeleniumHelper.java:67)\n\tat org.getopentest.selenium.core.SeleniumHelper.getDriver(SeleniumHelper.java:237)\n\tat org.getopentest.selenium.core.SeleniumTestAction.initialize(SeleniumTestAction.java:203)\n\tat org.getopentest.base.TestActor.executeAction(TestActor.java:1553)\n\tat org.getopentest.base.TestActor.executeActionByClassName(TestActor.java:1647)\n\t... 8 more\n","v":0}
{"name":"1671407521","hostname":"192.168.1.2","pid":86454,"level":30,"actorType":"ACTOR1","actorId":"58965","time":"2022-12-18T23:52:04.775421Z","msg":"Test session has completed","v":0}
{"name":"1671407521","hostname":"192.168.1.2","pid":86454,"level":10,"actorType":"ACTOR1","actorId":"58965","time":"2022-12-18T23:52:04.775685Z","msg":"TRACE: Firing TEST_COMPLETED event...","v":0}
{"name":"1671407521","hostname":"192.168.1.2","pid":86454,"level":30,"actorType":"ACTOR1","actorId":"58965","time":"2022-12-18T23:52:04.775997Z","msg":"Using local Selenium server","v":0}
{"name":"1671407521","hostname":"192.168.1.2","pid":86454,"level":50,"actorType":"ACTOR1","actorId":"58965","time":"2022-12-18T23:52:04.776447Z","msg":"ERROR: The \"runOneSession\" method failed","v":0}
{"name":"1671407521","hostname":"192.168.1.2","pid":86454,"level":50,"actorType":"ACTOR1","actorId":"58965","time":"2022-12-18T23:52:04.777764Z","msg":"ERROR: java.lang.NullPointerException\n\tat org.getopentest.selenium.core.SeleniumTestAction$1.update(SeleniumTestAction.java:190)\n\tat java.base/java.util.Observable.notifyObservers(Observable.java:173)\n\tat org.getopentest.base.TestActor.runOneSession(TestActor.java:3102)\n\tat org.getopentest.base.TestActor.runOneSession(TestActor.java:3113)\n\tat org.getopentest.Main.main(Main.java:20)\n","v":0}
{"name":"1671407521","hostname":"192.168.1.2","pid":86454,"level":30,"actorType":"ACTOR1","actorId":"58965","time":"2022-12-18T23:52:04.77801Z","msg":"Actor 58965 of type ACTOR1 with no tags is waiting to be acquired by a test session...","v":0}
{"name":"1671407521","hostname":"192.168.1.2","pid":86454,"level":10,"actorType":"ACTOR1","actorId":"58965","time":"2022-12-20T00:53:19.331797Z","msg":"TRACE: Initializing test session information in the \"announce\" method...","v":0}
{"name":"1671407521","hostname":"192.168.1.2","pid":86454,"level":10,"actorType":"ACTOR1","actorId":"58965","time":"2022-12-20T00:53:19.417345Z","msg":"TRACE: Session ID in sync server response was 1671497598; actor session ID was null","v":0}
