{"name":"1673321172","hostname":"192.168.1.9","pid":80540,"level":20,"msg":"Sync server version: 1.3.8 2022-02-25 10:58:11 -0600 50659ecda06a8b79a41f24c1fdff05187324402b","time":"2023-01-10T03:26:11.802Z","v":0}
{"name":"1673321172","hostname":"192.168.1.9","pid":80540,"level":30,"msg":"Acquiring actors for session 1673321172: ACTOR1","time":"2023-01-10T03:26:11.807Z","v":0}
{"name":"1673321172","hostname":"192.168.1.9","pid":80540,"level":30,"msg":"Session 1673321172 with label \"GitHub web UI tests\" started at 2023-01-10 03:26:11 UTC","time":"2023-01-10T03:26:11.811Z","v":0}
{"name":"1673321172","hostname":"192.168.1.9","pid":80540,"level":30,"actorType":"ACTOR1","actorId":"42876","time":"2023-01-10T03:26:13.378484Z","msg":"Actor 42876 of type ACTOR1 was acquired by test session 1673321172","v":0}
{"name":"1673321172","hostname":"192.168.1.9","pid":80540,"level":20,"actorType":"ACTOR1","actorId":"42876","time":"2023-01-10T03:26:13.382603Z","msg":"DEBUG: Test actor JAR versions:","v":0}
{"name":"1673321172","hostname":"192.168.1.9","pid":80540,"level":20,"actorType":"ACTOR1","actorId":"42876","time":"2023-01-10T03:26:13.38493Z","msg":"DEBUG:   opentest-appium-0.0.1.jar: 2022-02-25 10:58 -0600 0.0.1-50659ecda06a8b79a41f24c1fdff05187324402b-dirty","v":0}
{"name":"1673321172","hostname":"192.168.1.9","pid":80540,"level":20,"actorType":"ACTOR1","actorId":"42876","time":"2023-01-10T03:26:13.386369Z","msg":"DEBUG:   opentest-base-0.0.1.jar: 2022-02-25 10:58 -0600 0.0.1-50659ecda06a8b79a41f24c1fdff05187324402b-dirty","v":0}
{"name":"1673321172","hostname":"192.168.1.9","pid":80540,"level":20,"actorType":"ACTOR1","actorId":"42876","time":"2023-01-10T03:26:13.38741Z","msg":"DEBUG:   opentest-selenium-0.0.1.jar: 2022-02-25 10:58 -0600 0.0.1-50659ecda06a8b79a41f24c1fdff05187324402b-dirty","v":0}
{"name":"1673321172","hostname":"192.168.1.9","pid":80540,"level":40,"actorType":"ACTOR1","actorId":"42876","time":"2023-01-10T03:26:13.388434Z","msg":"WARN: Failed to log extension JARs","v":0}
{"name":"1673321172","hostname":"192.168.1.9","pid":80540,"level":10,"actorType":"ACTOR1","actorId":"42876","time":"2023-01-10T03:26:13.388805Z","msg":"TRACE: Firing SESSION_STARTED event...","v":0}
{"name":"1673321172","hostname":"192.168.1.9","pid":80540,"level":30,"actorType":"ACTOR1","actorId":"42876","time":"2023-01-10T03:26:13.501477Z","msg":"==================== ACTOR1: web/Find the React repo on GitHub's website ====================","v":0}
{"name":"1673321172","hostname":"192.168.1.9","pid":80540,"level":30,"actorType":"ACTOR1","actorId":"42876","time":"2023-01-10T03:26:13.501785Z","msg":"Actor ACTOR1 started executing test web/Find the React repo on GitHub's website...","v":0}
{"name":"1673321172","hostname":"192.168.1.9","pid":80540,"level":10,"actorType":"ACTOR1","actorId":"42876","time":"2023-01-10T03:26:13.502216Z","msg":"TRACE: Firing TEST_STARTED event...","v":0}
{"name":"1673321172","hostname":"192.168.1.9","pid":80540,"level":30,"actorType":"ACTOR1","actorId":"42876","time":"2023-01-10T03:26:13.528694Z","msg":"Executing segment 1 of test web/Find the React repo on GitHub's website...","v":0}
{"name":"1673321172","hostname":"192.168.1.9","pid":80540,"level":30,"actorType":"ACTOR1","actorId":"42876","time":"2023-01-10T03:26:13.528997Z","msg":"Evaluating action 1/4 (org.getopentest.selenium.NavigateTo) in segment 1 (Navigate to the GitHub homepage)...","v":0}
{"name":"1673321172","hostname":"192.168.1.9","pid":80540,"level":10,"actorType":"ACTOR1","actorId":"42876","time":"2023-01-10T03:26:13.53184Z","msg":"TRACE: Initializing action org.getopentest.selenium.NavigateTo...","v":0}
{"name":"1673321172","hostname":"192.168.1.9","pid":80540,"level":30,"actorType":"ACTOR1","actorId":"42876","time":"2023-01-10T03:26:13.535691Z","msg":"Loading configuration from \"/Users/aldolim/Documents/opentest/actor1/actor.yaml\"","v":0}
{"name":"1673321172","hostname":"192.168.1.9","pid":80540,"level":30,"actorType":"ACTOR1","actorId":"42876","time":"2023-01-10T03:26:13.541974Z","msg":"Using local Selenium server","v":0}
{"name":"1673321172","hostname":"192.168.1.9","pid":80540,"level":50,"actorType":"ACTOR1","actorId":"42876","time":"2023-01-10T03:26:15.335933Z","msg":"ERROR: java.lang.Exception: Failed executing test web/Find the React repo on GitHub's website, segment 1\n\tat org.getopentest.base.TestActor.executeTestSegment(TestActor.java:2208)\n\tat org.getopentest.base.TestActor.runOneSession(TestActor.java:3077)\n\tat org.getopentest.base.TestActor.runOneSession(TestActor.java:3113)\n\tat org.getopentest.Main.main(Main.java:20)\nCaused by: java.lang.RuntimeException: There was an error while executing action no. 1 (org.getopentest.selenium.NavigateTo) in segment 1 of test web/Find the React repo on GitHub's website.\nThe action definition was:\n{\n  \"action\": \"org.getopentest.selenium.NavigateTo\",\n  \"args\": {\n    \"url\": \"https://github.com/\"\n  },\n  \"description\": \"Navigate to the GitHub homepage\"\n}\n\tat org.getopentest.base.TestActor.executeTestSegment(TestActor.java:2142)\n\t... 3 more\nCaused by: java.lang.RuntimeException: Failed executing action org.getopentest.selenium.NavigateTo with arguments {\"url\":\"https://github.com/\"}\n\tat org.getopentest.base.TestActor.executeActionByDef(TestActor.java:1872)\n\tat org.getopentest.base.TestActor.executeTestSegment(TestActor.java:2092)\n\t... 3 more\nCaused by: java.lang.RuntimeException: org.openqa.selenium.SessionNotCreatedException: Unable to create a session using any combination of alwaysMatch and firstMatch capabilities. The following errors were encountered:\n Attempt #0 failed with error: Could not create a session: You must enable the 'Allow Remote Automation' option in Safari's Develop menu to control Safari via WebDriver.\nAttempt #1 failed with error: Could not create a session: You must enable the 'Allow Remote Automation' option in Safari's Develop menu to control Safari via WebDriver.\n\nBuild info: version: '3.141.59', revision: 'e82be7d358', time: '2018-11-14T08:17:03'\nSystem info: host: '192.168.1.9', ip: 'fe80:0:0:0:8e5:316d:cd15:a60f%en0', os.name: 'Mac OS X', os.arch: 'x86_64', os.version: '10.16', java.version: '14.0.2'\nDriver info: driver.version: SafariDriver\nremote stacktrace: \n\tat org.getopentest.base.TestActor.executeActionByClassName(TestActor.java:1670)\n\tat org.getopentest.base.TestActor.executeActionByDef(TestActor.java:1749)\n\t... 4 more\nCaused by: org.openqa.selenium.SessionNotCreatedException: Unable to create a session using any combination of alwaysMatch and firstMatch capabilities. The following errors were encountered:\n Attempt #0 failed with error: Could not create a session: You must enable the 'Allow Remote Automation' option in Safari's Develop menu to control Safari via WebDriver.\nAttempt #1 failed with error: Could not create a session: You must enable the 'Allow Remote Automation' option in Safari's Develop menu to control Safari via WebDriver.\n\nBuild info: version: '3.141.59', revision: 'e82be7d358', time: '2018-11-14T08:17:03'\nSystem info: host: '192.168.1.9', ip: 'fe80:0:0:0:8e5:316d:cd15:a60f%en0', os.name: 'Mac OS X', os.arch: 'x86_64', os.version: '10.16', java.version: '14.0.2'\nDriver info: driver.version: SafariDriver\nremote stacktrace: \n\tat java.base/jdk.internal.reflect.NativeConstructorAccessorImpl.newInstance0(Native Method)\n\tat java.base/jdk.internal.reflect.NativeConstructorAccessorImpl.newInstance(NativeConstructorAccessorImpl.java:62)\n\tat java.base/jdk.internal.reflect.DelegatingConstructorAccessorImpl.newInstance(DelegatingConstructorAccessorImpl.java:45)\n\tat java.base/java.lang.reflect.Constructor.newInstanceWithCaller(Constructor.java:500)\n\tat java.base/java.lang.reflect.Constructor.newInstance(Constructor.java:481)\n\tat org.openqa.selenium.remote.W3CHandshakeResponse.lambda$errorHandler$0(W3CHandshakeResponse.java:62)\n\tat org.openqa.selenium.remote.HandshakeResponse.lambda$getResponseFunction$0(HandshakeResponse.java:30)\n\tat org.openqa.selenium.remote.ProtocolHandshake.lambda$createSession$0(ProtocolHandshake.java:126)\n\tat java.base/java.util.stream.ReferencePipeline$3$1.accept(ReferencePipeline.java:195)\n\tat java.base/java.util.Spliterators$ArraySpliterator.tryAdvance(Spliterators.java:958)\n\tat java.base/java.util.stream.ReferencePipeline.forEachWithCancel(ReferencePipeline.java:127)\n\tat java.base/java.util.stream.AbstractPipeline.copyIntoWithCancel(AbstractPipeline.java:502)\n\tat java.base/java.util.stream.AbstractPipeline.copyInto(AbstractPipeline.java:488)\n\tat java.base/java.util.stream.AbstractPipeline.wrapAndCopyInto(AbstractPipeline.java:474)\n\tat java.base/java.util.stream.FindOps$FindOp.evaluateSequential(FindOps.java:150)\n\tat java.base/java.util.stream.AbstractPipeline.evaluate(AbstractPipeline.java:234)\n\tat java.base/java.util.stream.ReferencePipeline.findFirst(ReferencePipeline.java:543)\n\tat org.openqa.selenium.remote.ProtocolHandshake.createSession(ProtocolHandshake.java:128)\n\tat org.openqa.selenium.remote.ProtocolHandshake.createSession(ProtocolHandshake.java:74)\n\tat org.openqa.selenium.remote.HttpCommandExecutor.execute(HttpCommandExecutor.java:136)\n\tat org.openqa.selenium.remote.service.DriverCommandExecutor.execute(DriverCommandExecutor.java:83)\n\tat org.openqa.selenium.remote.RemoteWebDriver.execute(RemoteWebDriver.java:552)\n\tat org.openqa.selenium.remote.RemoteWebDriver.startSession(RemoteWebDriver.java:213)\n\tat org.openqa.selenium.remote.RemoteWebDriver.<init>(RemoteWebDriver.java:131)\n\tat org.openqa.selenium.safari.SafariDriver.<init>(SafariDriver.java:81)\n\tat org.openqa.selenium.safari.SafariDriver.<init>(SafariDriver.java:63)\n\tat org.getopentest.selenium.core.SeleniumHelper.createDriver(SeleniumHelper.java:147)\n\tat org.getopentest.selenium.core.SeleniumHelper.getDriver(SeleniumHelper.java:237)\n\tat org.getopentest.selenium.core.SeleniumTestAction.initialize(SeleniumTestAction.java:203)\n\tat org.getopentest.base.TestActor.executeAction(TestActor.java:1553)\n\tat org.getopentest.base.TestActor.executeActionByClassName(TestActor.java:1647)\n\t... 5 more\n","v":0}
{"name":"1673321172","hostname":"192.168.1.9","pid":80540,"level":10,"actorType":"ACTOR1","actorId":"42876","time":"2023-01-10T03:26:15.844681Z","msg":"TRACE: Firing TEST_COMPLETED event...","v":0}
{"name":"1673321172","hostname":"192.168.1.9","pid":80540,"level":30,"actorType":"ACTOR1","actorId":"42876","time":"2023-01-10T03:26:15.845061Z","msg":"Using local Selenium server","v":0}
{"name":"1673321172","hostname":"192.168.1.9","pid":80540,"level":30,"actorType":"ACTOR1","actorId":"42876","time":"2023-01-10T03:26:16.040622Z","msg":"==================== ACTOR1: web/Verify GitHub repos have non-empty wiki [1] ====================","v":0}
{"name":"1673321172","hostname":"192.168.1.9","pid":80540,"level":30,"actorType":"ACTOR1","actorId":"42876","time":"2023-01-10T03:26:16.040819Z","msg":"Actor ACTOR1 started executing test web/Verify GitHub repos have non-empty wiki [1]...","v":0}
{"name":"1673321172","hostname":"192.168.1.9","pid":80540,"level":30,"actorType":"ACTOR1","actorId":"42876","time":"2023-01-10T03:26:16.043027Z","msg":"Using data record 1 of 2: \"facebook/react\"","v":0}
{"name":"1673321172","hostname":"192.168.1.9","pid":80540,"level":10,"actorType":"ACTOR1","actorId":"42876","time":"2023-01-10T03:26:16.043212Z","msg":"TRACE: Firing TEST_STARTED event...","v":0}
{"name":"1673321172","hostname":"192.168.1.9","pid":80540,"level":30,"actorType":"ACTOR1","actorId":"42876","time":"2023-01-10T03:26:16.096912Z","msg":"Executing segment 1 of test web/Verify GitHub repos have non-empty wiki...","v":0}
{"name":"1673321172","hostname":"192.168.1.9","pid":80540,"level":30,"actorType":"ACTOR1","actorId":"42876","time":"2023-01-10T03:26:16.097113Z","msg":"Evaluating action 1/1 (github.AssertRepoHasNonEmptyWiki) in segment 1...","v":0}
{"name":"1673321172","hostname":"192.168.1.9","pid":80540,"level":30,"actorType":"ACTOR1","actorId":"42876","time":"2023-01-10T03:26:16.108638Z","msg":"Executing macro github/AssertRepoHasNonEmptyWiki with arguments {\"repo\":\"facebook/react\"}...","v":0}
{"name":"1673321172","hostname":"192.168.1.9","pid":80540,"level":30,"actorType":"ACTOR1","actorId":"42876","time":"2023-01-10T03:26:16.10893Z","msg":"Evaluating action 1/5 in macro github/AssertRepoHasNonEmptyWiki (Navigate to the wiki page)...","v":0}
{"name":"1673321172","hostname":"192.168.1.9","pid":80540,"level":10,"actorType":"ACTOR1","actorId":"42876","time":"2023-01-10T03:26:16.146354Z","msg":"TRACE: Initializing action org.getopentest.selenium.NavigateTo...","v":0}
{"name":"1673321172","hostname":"192.168.1.9","pid":80540,"level":30,"actorType":"ACTOR1","actorId":"42876","time":"2023-01-10T03:26:16.146604Z","msg":"Using local Selenium server","v":0}
{"name":"1673321172","hostname":"192.168.1.9","pid":80540,"level":50,"actorType":"ACTOR1","actorId":"42876","time":"2023-01-10T03:26:16.293301Z","msg":"ERROR: java.lang.Exception: Failed executing test web/Verify GitHub repos have non-empty wiki, segment 1\n\tat org.getopentest.base.TestActor.executeTestSegment(TestActor.java:2208)\n\tat org.getopentest.base.TestActor.runOneSession(TestActor.java:3077)\n\tat org.getopentest.base.TestActor.runOneSession(TestActor.java:3113)\n\tat org.getopentest.Main.main(Main.java:20)\nCaused by: java.lang.RuntimeException: There was an error while executing action no. 1 (github.AssertRepoHasNonEmptyWiki) in segment 1 of test web/Verify GitHub repos have non-empty wiki.\nThe action definition was:\n{\n  \"action\": \"org.getopentest.base.MacroAction\",\n  \"args\": {\n    \"repo\": \"facebook/react\"\n  },\n  \"macro\": \"github.AssertRepoHasNonEmptyWiki\"\n}\n\tat org.getopentest.base.TestActor.executeTestSegment(TestActor.java:2142)\n\t... 3 more\nCaused by: java.lang.RuntimeException: Failed executing action org.getopentest.base.MacroAction with arguments {\"repo\":\"facebook/react\"}\n\tat org.getopentest.base.TestActor.executeActionByDef(TestActor.java:1872)\n\tat org.getopentest.base.TestActor.executeTestSegment(TestActor.java:2092)\n\t... 3 more\nCaused by: java.lang.Exception: There was an error executing macro action github.AssertRepoHasNonEmptyWiki with arguments {\"repo\":\"facebook/react\"}\n\tat org.getopentest.base.TestActor.executeMacroActionByName(TestActor.java:2021)\n\tat org.getopentest.base.TestActor.executeActionByDef(TestActor.java:1745)\n\t... 4 more\nCaused by: java.lang.RuntimeException: There was an error while executing action no. 1 (org.getopentest.selenium.NavigateTo) in macro github/AssertRepoHasNonEmptyWiki.\nThe action definition was:\n{\n  \"action\": \"org.getopentest.selenium.NavigateTo\",\n  \"args\": {\n    \"url\": \"https://github.com/facebook/react/wiki\"\n  },\n  \"description\": \"Navigate to the wiki page\"\n}\n\tat org.getopentest.base.TestActor.executeMacroActionByDef(TestActor.java:1973)\n\tat org.getopentest.base.TestActor.executeMacroActionByName(TestActor.java:2013)\n\t... 5 more\nCaused by: java.lang.RuntimeException: Failed executing action org.getopentest.selenium.NavigateTo with arguments {\"url\":\"https://github.com/facebook/react/wiki\"}\n\tat org.getopentest.base.TestActor.executeActionByDef(TestActor.java:1872)\n\tat org.getopentest.base.TestActor.executeMacroActionByDef(TestActor.java:1938)\n\t... 6 more\nCaused by: java.lang.RuntimeException: org.openqa.selenium.SessionNotCreatedException: Unable to create a session using any combination of alwaysMatch and firstMatch capabilities. The following errors were encountered:\n Attempt #0 failed with error: Could not create a session: You must enable the 'Allow Remote Automation' option in Safari's Develop menu to control Safari via WebDriver.\nAttempt #1 failed with error: Could not create a session: You must enable the 'Allow Remote Automation' option in Safari's Develop menu to control Safari via WebDriver.\n\nBuild info: version: '3.141.59', revision: 'e82be7d358', time: '2018-11-14T08:17:03'\nSystem info: host: '192.168.1.9', ip: 'fe80:0:0:0:8e5:316d:cd15:a60f%en0', os.name: 'Mac OS X', os.arch: 'x86_64', os.version: '10.16', java.version: '14.0.2'\nDriver info: driver.version: SafariDriver\nremote stacktrace: \n\tat org.getopentest.base.TestActor.executeActionByClassName(TestActor.java:1670)\n\tat org.getopentest.base.TestActor.executeActionByDef(TestActor.java:1749)\n\t... 7 more\nCaused by: org.openqa.selenium.SessionNotCreatedException: Unable to create a session using any combination of alwaysMatch and firstMatch capabilities. The following errors were encountered:\n Attempt #0 failed with error: Could not create a session: You must enable the 'Allow Remote Automation' option in Safari's Develop menu to control Safari via WebDriver.\nAttempt #1 failed with error: Could not create a session: You must enable the 'Allow Remote Automation' option in Safari's Develop menu to control Safari via WebDriver.\n\nBuild info: version: '3.141.59', revision: 'e82be7d358', time: '2018-11-14T08:17:03'\nSystem info: host: '192.168.1.9', ip: 'fe80:0:0:0:8e5:316d:cd15:a60f%en0', os.name: 'Mac OS X', os.arch: 'x86_64', os.version: '10.16', java.version: '14.0.2'\nDriver info: driver.version: SafariDriver\nremote stacktrace: \n\tat java.base/jdk.internal.reflect.NativeConstructorAccessorImpl.newInstance0(Native Method)\n\tat java.base/jdk.internal.reflect.NativeConstructorAccessorImpl.newInstance(NativeConstructorAccessorImpl.java:62)\n\tat java.base/jdk.internal.reflect.DelegatingConstructorAccessorImpl.newInstance(DelegatingConstructorAccessorImpl.java:45)\n\tat java.base/java.lang.reflect.Constructor.newInstanceWithCaller(Constructor.java:500)\n\tat java.base/java.lang.reflect.Constructor.newInstance(Constructor.java:481)\n\tat org.openqa.selenium.remote.W3CHandshakeResponse.lambda$errorHandler$0(W3CHandshakeResponse.java:62)\n\tat org.openqa.selenium.remote.HandshakeResponse.lambda$getResponseFunction$0(HandshakeResponse.java:30)\n\tat org.openqa.selenium.remote.ProtocolHandshake.lambda$createSession$0(ProtocolHandshake.java:126)\n\tat java.base/java.util.stream.ReferencePipeline$3$1.accept(ReferencePipeline.java:195)\n\tat java.base/java.util.Spliterators$ArraySpliterator.tryAdvance(Spliterators.java:958)\n\tat java.base/java.util.stream.ReferencePipeline.forEachWithCancel(ReferencePipeline.java:127)\n\tat java.base/java.util.stream.AbstractPipeline.copyIntoWithCancel(AbstractPipeline.java:502)\n\tat java.base/java.util.stream.AbstractPipeline.copyInto(AbstractPipeline.java:488)\n\tat java.base/java.util.stream.AbstractPipeline.wrapAndCopyInto(AbstractPipeline.java:474)\n\tat java.base/java.util.stream.FindOps$FindOp.evaluateSequential(FindOps.java:150)\n\tat java.base/java.util.stream.AbstractPipeline.evaluate(AbstractPipeline.java:234)\n\tat java.base/java.util.stream.ReferencePipeline.findFirst(ReferencePipeline.java:543)\n\tat org.openqa.selenium.remote.ProtocolHandshake.createSession(ProtocolHandshake.java:128)\n\tat org.openqa.selenium.remote.ProtocolHandshake.createSession(ProtocolHandshake.java:74)\n\tat org.openqa.selenium.remote.HttpCommandExecutor.execute(HttpCommandExecutor.java:136)\n\tat org.openqa.selenium.remote.service.DriverCommandExecutor.execute(DriverCommandExecutor.java:83)\n\tat org.openqa.selenium.remote.RemoteWebDriver.execute(RemoteWebDriver.java:552)\n\tat org.openqa.selenium.remote.RemoteWebDriver.startSession(RemoteWebDriver.java:213)\n\tat org.openqa.selenium.remote.RemoteWebDriver.<init>(RemoteWebDriver.java:131)\n\tat org.openqa.selenium.safari.SafariDriver.<init>(SafariDriver.java:81)\n\tat org.openqa.selenium.safari.SafariDriver.<init>(SafariDriver.java:63)\n\tat org.getopentest.selenium.core.SeleniumHelper.createDriver(SeleniumHelper.java:147)\n\tat org.getopentest.selenium.core.SeleniumHelper.getDriver(SeleniumHelper.java:237)\n\tat org.getopentest.selenium.core.SeleniumTestAction.initialize(SeleniumTestAction.java:203)\n\tat org.getopentest.base.TestActor.executeAction(TestActor.java:1553)\n\tat org.getopentest.base.TestActor.executeActionByClassName(TestActor.java:1647)\n\t... 8 more\n","v":0}
{"name":"1673321172","hostname":"192.168.1.9","pid":80540,"level":10,"actorType":"ACTOR1","actorId":"42876","time":"2023-01-10T03:26:16.803399Z","msg":"TRACE: Firing TEST_COMPLETED event...","v":0}
{"name":"1673321172","hostname":"192.168.1.9","pid":80540,"level":30,"actorType":"ACTOR1","actorId":"42876","time":"2023-01-10T03:26:16.803859Z","msg":"Using local Selenium server","v":0}
{"name":"1673321172","hostname":"192.168.1.9","pid":80540,"level":30,"actorType":"ACTOR1","actorId":"42876","time":"2023-01-10T03:26:16.988423Z","msg":"==================== ACTOR1: web/Verify GitHub repos have non-empty wiki [2] ====================","v":0}
{"name":"1673321172","hostname":"192.168.1.9","pid":80540,"level":30,"actorType":"ACTOR1","actorId":"42876","time":"2023-01-10T03:26:16.988718Z","msg":"Actor ACTOR1 started executing test web/Verify GitHub repos have non-empty wiki [2]...","v":0}
{"name":"1673321172","hostname":"192.168.1.9","pid":80540,"level":30,"actorType":"ACTOR1","actorId":"42876","time":"2023-01-10T03:26:16.989375Z","msg":"Using data record 2 of 2: \"tesseract-ocr/tesseract\"","v":0}
{"name":"1673321172","hostname":"192.168.1.9","pid":80540,"level":10,"actorType":"ACTOR1","actorId":"42876","time":"2023-01-10T03:26:16.989532Z","msg":"TRACE: Firing TEST_STARTED event...","v":0}
{"name":"1673321172","hostname":"192.168.1.9","pid":80540,"level":30,"actorType":"ACTOR1","actorId":"42876","time":"2023-01-10T03:26:17.021124Z","msg":"Executing segment 1 of test web/Verify GitHub repos have non-empty wiki...","v":0}
{"name":"1673321172","hostname":"192.168.1.9","pid":80540,"level":30,"actorType":"ACTOR1","actorId":"42876","time":"2023-01-10T03:26:17.021339Z","msg":"Evaluating action 1/1 (github.AssertRepoHasNonEmptyWiki) in segment 1...","v":0}
{"name":"1673321172","hostname":"192.168.1.9","pid":80540,"level":30,"actorType":"ACTOR1","actorId":"42876","time":"2023-01-10T03:26:17.030707Z","msg":"Executing macro github/AssertRepoHasNonEmptyWiki with arguments {\"repo\":\"tesseract-ocr/tesseract\"}...","v":0}
{"name":"1673321172","hostname":"192.168.1.9","pid":80540,"level":30,"actorType":"ACTOR1","actorId":"42876","time":"2023-01-10T03:26:17.031113Z","msg":"Evaluating action 1/5 in macro github/AssertRepoHasNonEmptyWiki (Navigate to the wiki page)...","v":0}
{"name":"1673321172","hostname":"192.168.1.9","pid":80540,"level":10,"actorType":"ACTOR1","actorId":"42876","time":"2023-01-10T03:26:17.048032Z","msg":"TRACE: Initializing action org.getopentest.selenium.NavigateTo...","v":0}
{"name":"1673321172","hostname":"192.168.1.9","pid":80540,"level":30,"actorType":"ACTOR1","actorId":"42876","time":"2023-01-10T03:26:17.048221Z","msg":"Using local Selenium server","v":0}
{"name":"1673321172","hostname":"192.168.1.9","pid":80540,"level":50,"actorType":"ACTOR1","actorId":"42876","time":"2023-01-10T03:26:17.18403Z","msg":"ERROR: java.lang.Exception: Failed executing test web/Verify GitHub repos have non-empty wiki, segment 1\n\tat org.getopentest.base.TestActor.executeTestSegment(TestActor.java:2208)\n\tat org.getopentest.base.TestActor.runOneSession(TestActor.java:3077)\n\tat org.getopentest.base.TestActor.runOneSession(TestActor.java:3113)\n\tat org.getopentest.Main.main(Main.java:20)\nCaused by: java.lang.RuntimeException: There was an error while executing action no. 1 (github.AssertRepoHasNonEmptyWiki) in segment 1 of test web/Verify GitHub repos have non-empty wiki.\nThe action definition was:\n{\n  \"action\": \"org.getopentest.base.MacroAction\",\n  \"args\": {\n    \"repo\": \"tesseract-ocr/tesseract\"\n  },\n  \"macro\": \"github.AssertRepoHasNonEmptyWiki\"\n}\n\tat org.getopentest.base.TestActor.executeTestSegment(TestActor.java:2142)\n\t... 3 more\nCaused by: java.lang.RuntimeException: Failed executing action org.getopentest.base.MacroAction with arguments {\"repo\":\"tesseract-ocr/tesseract\"}\n\tat org.getopentest.base.TestActor.executeActionByDef(TestActor.java:1872)\n\tat org.getopentest.base.TestActor.executeTestSegment(TestActor.java:2092)\n\t... 3 more\nCaused by: java.lang.Exception: There was an error executing macro action github.AssertRepoHasNonEmptyWiki with arguments {\"repo\":\"tesseract-ocr/tesseract\"}\n\tat org.getopentest.base.TestActor.executeMacroActionByName(TestActor.java:2021)\n\tat org.getopentest.base.TestActor.executeActionByDef(TestActor.java:1745)\n\t... 4 more\nCaused by: java.lang.RuntimeException: There was an error while executing action no. 1 (org.getopentest.selenium.NavigateTo) in macro github/AssertRepoHasNonEmptyWiki.\nThe action definition was:\n{\n  \"action\": \"org.getopentest.selenium.NavigateTo\",\n  \"args\": {\n    \"url\": \"https://github.com/tesseract-ocr/tesseract/wiki\"\n  },\n  \"description\": \"Navigate to the wiki page\"\n}\n\tat org.getopentest.base.TestActor.executeMacroActionByDef(TestActor.java:1973)\n\tat org.getopentest.base.TestActor.executeMacroActionByName(TestActor.java:2013)\n\t... 5 more\nCaused by: java.lang.RuntimeException: Failed executing action org.getopentest.selenium.NavigateTo with arguments {\"url\":\"https://github.com/tesseract-ocr/tesseract/wiki\"}\n\tat org.getopentest.base.TestActor.executeActionByDef(TestActor.java:1872)\n\tat org.getopentest.base.TestActor.executeMacroActionByDef(TestActor.java:1938)\n\t... 6 more\nCaused by: java.lang.RuntimeException: org.openqa.selenium.SessionNotCreatedException: Unable to create a session using any combination of alwaysMatch and firstMatch capabilities. The following errors were encountered:\n Attempt #0 failed with error: Could not create a session: You must enable the 'Allow Remote Automation' option in Safari's Develop menu to control Safari via WebDriver.\nAttempt #1 failed with error: Could not create a session: You must enable the 'Allow Remote Automation' option in Safari's Develop menu to control Safari via WebDriver.\n\nBuild info: version: '3.141.59', revision: 'e82be7d358', time: '2018-11-14T08:17:03'\nSystem info: host: '192.168.1.9', ip: 'fe80:0:0:0:8e5:316d:cd15:a60f%en0', os.name: 'Mac OS X', os.arch: 'x86_64', os.version: '10.16', java.version: '14.0.2'\nDriver info: driver.version: SafariDriver\nremote stacktrace: \n\tat org.getopentest.base.TestActor.executeActionByClassName(TestActor.java:1670)\n\tat org.getopentest.base.TestActor.executeActionByDef(TestActor.java:1749)\n\t... 7 more\nCaused by: org.openqa.selenium.SessionNotCreatedException: Unable to create a session using any combination of alwaysMatch and firstMatch capabilities. The following errors were encountered:\n Attempt #0 failed with error: Could not create a session: You must enable the 'Allow Remote Automation' option in Safari's Develop menu to control Safari via WebDriver.\nAttempt #1 failed with error: Could not create a session: You must enable the 'Allow Remote Automation' option in Safari's Develop menu to control Safari via WebDriver.\n\nBuild info: version: '3.141.59', revision: 'e82be7d358', time: '2018-11-14T08:17:03'\nSystem info: host: '192.168.1.9', ip: 'fe80:0:0:0:8e5:316d:cd15:a60f%en0', os.name: 'Mac OS X', os.arch: 'x86_64', os.version: '10.16', java.version: '14.0.2'\nDriver info: driver.version: SafariDriver\nremote stacktrace: \n\tat java.base/jdk.internal.reflect.NativeConstructorAccessorImpl.newInstance0(Native Method)\n\tat java.base/jdk.internal.reflect.NativeConstructorAccessorImpl.newInstance(NativeConstructorAccessorImpl.java:62)\n\tat java.base/jdk.internal.reflect.DelegatingConstructorAccessorImpl.newInstance(DelegatingConstructorAccessorImpl.java:45)\n\tat java.base/java.lang.reflect.Constructor.newInstanceWithCaller(Constructor.java:500)\n\tat java.base/java.lang.reflect.Constructor.newInstance(Constructor.java:481)\n\tat org.openqa.selenium.remote.W3CHandshakeResponse.lambda$errorHandler$0(W3CHandshakeResponse.java:62)\n\tat org.openqa.selenium.remote.HandshakeResponse.lambda$getResponseFunction$0(HandshakeResponse.java:30)\n\tat org.openqa.selenium.remote.ProtocolHandshake.lambda$createSession$0(ProtocolHandshake.java:126)\n\tat java.base/java.util.stream.ReferencePipeline$3$1.accept(ReferencePipeline.java:195)\n\tat java.base/java.util.Spliterators$ArraySpliterator.tryAdvance(Spliterators.java:958)\n\tat java.base/java.util.stream.ReferencePipeline.forEachWithCancel(ReferencePipeline.java:127)\n\tat java.base/java.util.stream.AbstractPipeline.copyIntoWithCancel(AbstractPipeline.java:502)\n\tat java.base/java.util.stream.AbstractPipeline.copyInto(AbstractPipeline.java:488)\n\tat java.base/java.util.stream.AbstractPipeline.wrapAndCopyInto(AbstractPipeline.java:474)\n\tat java.base/java.util.stream.FindOps$FindOp.evaluateSequential(FindOps.java:150)\n\tat java.base/java.util.stream.AbstractPipeline.evaluate(AbstractPipeline.java:234)\n\tat java.base/java.util.stream.ReferencePipeline.findFirst(ReferencePipeline.java:543)\n\tat org.openqa.selenium.remote.ProtocolHandshake.createSession(ProtocolHandshake.java:128)\n\tat org.openqa.selenium.remote.ProtocolHandshake.createSession(ProtocolHandshake.java:74)\n\tat org.openqa.selenium.remote.HttpCommandExecutor.execute(HttpCommandExecutor.java:136)\n\tat org.openqa.selenium.remote.service.DriverCommandExecutor.execute(DriverCommandExecutor.java:83)\n\tat org.openqa.selenium.remote.RemoteWebDriver.execute(RemoteWebDriver.java:552)\n\tat org.openqa.selenium.remote.RemoteWebDriver.startSession(RemoteWebDriver.java:213)\n\tat org.openqa.selenium.remote.RemoteWebDriver.<init>(RemoteWebDriver.java:131)\n\tat org.openqa.selenium.safari.SafariDriver.<init>(SafariDriver.java:81)\n\tat org.openqa.selenium.safari.SafariDriver.<init>(SafariDriver.java:63)\n\tat org.getopentest.selenium.core.SeleniumHelper.createDriver(SeleniumHelper.java:147)\n\tat org.getopentest.selenium.core.SeleniumHelper.getDriver(SeleniumHelper.java:237)\n\tat org.getopentest.selenium.core.SeleniumTestAction.initialize(SeleniumTestAction.java:203)\n\tat org.getopentest.base.TestActor.executeAction(TestActor.java:1553)\n\tat org.getopentest.base.TestActor.executeActionByClassName(TestActor.java:1647)\n\t... 8 more\n","v":0}
{"name":"1673321172","hostname":"192.168.1.9","pid":80540,"level":30,"actorType":"ACTOR1","actorId":"42876","time":"2023-01-10T03:26:17.693677Z","msg":"Test session has completed","v":0}
{"name":"1673321172","hostname":"192.168.1.9","pid":80540,"level":10,"actorType":"ACTOR1","actorId":"42876","time":"2023-01-10T03:26:17.694053Z","msg":"TRACE: Firing TEST_COMPLETED event...","v":0}
{"name":"1673321172","hostname":"192.168.1.9","pid":80540,"level":30,"actorType":"ACTOR1","actorId":"42876","time":"2023-01-10T03:26:17.694457Z","msg":"Using local Selenium server","v":0}
{"name":"1673321172","hostname":"192.168.1.9","pid":80540,"level":50,"actorType":"ACTOR1","actorId":"42876","time":"2023-01-10T03:26:17.846222Z","msg":"ERROR: The \"runOneSession\" method failed","v":0}
{"name":"1673321172","hostname":"192.168.1.9","pid":80540,"level":50,"actorType":"ACTOR1","actorId":"42876","time":"2023-01-10T03:26:17.846495Z","msg":"ERROR: java.lang.NullPointerException\n\tat org.getopentest.selenium.core.SeleniumTestAction$1.update(SeleniumTestAction.java:190)\n\tat java.base/java.util.Observable.notifyObservers(Observable.java:173)\n\tat org.getopentest.base.TestActor.runOneSession(TestActor.java:3102)\n\tat org.getopentest.base.TestActor.runOneSession(TestActor.java:3113)\n\tat org.getopentest.Main.main(Main.java:20)\n","v":0}
{"name":"1673321172","hostname":"192.168.1.9","pid":80540,"level":30,"actorType":"ACTOR1","actorId":"42876","time":"2023-01-10T03:26:17.846623Z","msg":"Actor 42876 of type ACTOR1 with no tags is waiting to be acquired by a test session...","v":0}
{"name":"1673321172","hostname":"192.168.1.9","pid":80540,"level":10,"actorType":"ACTOR1","actorId":"42876","time":"2023-01-10T03:26:23.042593Z","msg":"TRACE: Initializing test session information in the \"announce\" method...","v":0}
{"name":"1673321172","hostname":"192.168.1.9","pid":80540,"level":10,"actorType":"ACTOR1","actorId":"42876","time":"2023-01-10T03:26:23.043127Z","msg":"TRACE: Session ID in sync server response was 1673321179; actor session ID was null","v":0}
